2025-07-02T16:36:48.584253-05:00 INFO kanata-tray config folder: /Users/skang/Library/Application Support/kanata-tray
2025-07-02T16:36:48.734136-05:00 INFO Running preset 'internal keyboard'
2025-07-02T16:36:48.735188-05:00 INFO Running command: /Users/skang/.local/bin/kanata-tray -c=/Users/skang/.config/kanata/kanata-internal.kbd --port 5829
2025-07-02T16:36:48.736882-05:00 INFO Started kanata (pid=20904)
2025-07-02T16:36:51.242639-05:00 ERROR Failed to connect to kanata via TCP: dial tcp [::1]:5829: connect: connection refused
2025-07-02T16:36:51.441018-05:00 ERROR Failed to send ClientMessage: timeouted after 200 ms
2025-07-02T16:36:51.441368-05:00 INFO Waiting for all post-start-async hooks to exit
2025-07-02T16:36:51.44449-05:00 INFO All post-start-async hooks exited
2025-07-02T16:36:51.44463-05:00 ERROR Kanata runner terminated with an error: exit status 2
2025-07-02T16:37:23.904346-05:00 INFO Running preset 'default'
2025-07-02T16:37:23.911978-05:00 INFO Running command: /Users/skang/.local/bin/kanata-tray -c=/Users/skang/.config/kanata/kanata.kbd --port 5829
2025-07-02T16:37:23.914671-05:00 INFO Started kanata (pid=21029)
2025-07-02T16:37:26.419255-05:00 ERROR Failed to connect to kanata via TCP: dial tcp [::1]:5829: connect: connection refused
2025-07-02T16:37:26.617207-05:00 ERROR Failed to send ClientMessage: timeouted after 200 ms
2025-07-02T16:37:26.618038-05:00 INFO Waiting for all post-start-async hooks to exit
2025-07-02T16:37:26.618096-05:00 INFO All post-start-async hooks exited
2025-07-02T16:37:26.618406-05:00 ERROR Kanata runner terminated with an error: exit status 2
2025-07-02T16:45:12.273884-05:00 INFO Running preset 'default'
2025-07-02T16:45:12.295368-05:00 INFO Running command: /Users/skang/.local/bin/kanata-tray -c=/Users/skang/.config/kanata/kanata.kbd --port 5829
2025-07-02T16:45:12.299972-05:00 INFO Started kanata (pid=23540)
2025-07-02T16:45:14.810637-05:00 ERROR Failed to connect to kanata via TCP: dial tcp [::1]:5829: connect: connection refused
2025-07-02T16:45:15.006727-05:00 ERROR Failed to send ClientMessage: timeouted after 200 ms
2025-07-02T16:45:15.007113-05:00 INFO Waiting for all post-start-async hooks to exit
2025-07-02T16:45:15.007163-05:00 INFO All post-start-async hooks exited
2025-07-02T16:45:15.007321-05:00 ERROR Kanata runner terminated with an error: exit status 2
